<?xml version="1.0" encoding="UTF-8"?>
<testng-results ignored="0" total="2" passed="2" failed="0" skipped="0">
  <reporter-output>
  </reporter-output>
  <suite started-at="2025-05-22T07:44:47 IST" name="Master Suite" finished-at="2025-05-22T07:44:59 IST" duration-ms="11216">
    <groups>
      <group name="Master">
        <method signature="TC0001_accountRegistration.Verify_Account_Registration()[pri:0, instance:testCase.TC0001_accountRegistration@2796aeae]" name="Verify_Account_Registration" class="testCase.TC0001_accountRegistration"/>
        <method signature="TC0002_accountLogin.verifyLogin()[pri:0, instance:testCase.TC0002_accountLogin@401f7633]" name="verifyLogin" class="testCase.TC0002_accountLogin"/>
      </group> <!-- Master -->
      <group name="Sanity">
        <method signature="TC0001_accountRegistration.Verify_Account_Registration()[pri:0, instance:testCase.TC0001_accountRegistration@2796aeae]" name="Verify_Account_Registration" class="testCase.TC0001_accountRegistration"/>
      </group> <!-- Sanity -->
      <group name="Regression">
        <method signature="TC0002_accountLogin.verifyLogin()[pri:0, instance:testCase.TC0002_accountLogin@401f7633]" name="verifyLogin" class="testCase.TC0002_accountLogin"/>
      </group> <!-- Regression -->
    </groups>
    <test started-at="2025-05-22T07:44:47 IST" name="Test" finished-at="2025-05-22T07:44:59 IST" duration-ms="11216">
      <class name="testCase.TC0001_accountRegistration">
        <test-method is-config="true" signature="setup(java.lang.String,java.lang.String)[pri:0, instance:testCase.TC0001_accountRegistration@2796aeae]" started-at="2025-05-22T07:44:48 IST" name="setup" finished-at="2025-05-22T07:44:52 IST" duration-ms="3879" status="PASS">
          <params>
            <param index="0">
              <value>
                <![CDATA[Window]]>
              </value>
            </param>
            <param index="1">
              <value>
                <![CDATA[chrome]]>
              </value>
            </param>
          </params>
          <reporter-output>
          </reporter-output>
        </test-method> <!-- setup -->
        <test-method signature="Verify_Account_Registration()[pri:0, instance:testCase.TC0001_accountRegistration@2796aeae]" started-at="2025-05-22T07:44:52 IST" name="Verify_Account_Registration" finished-at="2025-05-22T07:44:54 IST" duration-ms="2534" status="PASS">
          <reporter-output>
          </reporter-output>
        </test-method> <!-- Verify_Account_Registration -->
        <test-method is-config="true" signature="teardown()[pri:0, instance:testCase.TC0001_accountRegistration@2796aeae]" started-at="2025-05-22T07:44:54 IST" name="teardown" finished-at="2025-05-22T07:44:55 IST" duration-ms="215" status="PASS">
          <reporter-output>
          </reporter-output>
        </test-method> <!-- teardown -->
      </class> <!-- testCase.TC0001_accountRegistration -->
      <class name="testCase.TC0002_accountLogin">
        <test-method is-config="true" signature="setup(java.lang.String,java.lang.String)[pri:0, instance:testCase.TC0002_accountLogin@401f7633]" started-at="2025-05-22T07:44:55 IST" name="setup" finished-at="2025-05-22T07:44:57 IST" duration-ms="2342" status="PASS">
          <params>
            <param index="0">
              <value>
                <![CDATA[Window]]>
              </value>
            </param>
            <param index="1">
              <value>
                <![CDATA[chrome]]>
              </value>
            </param>
          </params>
          <reporter-output>
          </reporter-output>
        </test-method> <!-- setup -->
        <test-method signature="verifyLogin()[pri:0, instance:testCase.TC0002_accountLogin@401f7633]" started-at="2025-05-22T07:44:57 IST" name="verifyLogin" finished-at="2025-05-22T07:44:58 IST" duration-ms="1555" status="PASS">
          <reporter-output>
          </reporter-output>
        </test-method> <!-- verifyLogin -->
        <test-method is-config="true" signature="teardown()[pri:0, instance:testCase.TC0002_accountLogin@401f7633]" started-at="2025-05-22T07:44:58 IST" name="teardown" finished-at="2025-05-22T07:44:59 IST" duration-ms="198" status="PASS">
          <reporter-output>
          </reporter-output>
        </test-method> <!-- teardown -->
      </class> <!-- testCase.TC0002_accountLogin -->
    </test> <!-- Test -->
  </suite> <!-- Master Suite -->
</testng-results>
